Copyright 1986-2022 Xilinx, Inc. All Rights Reserved. Copyright 2022-2023 Advanced Micro Devices, Inc. All Rights Reserved.
-----------------------------------------------------------------------------------------------------------------------------------------------------------------------------------
| Tool Version : Vivado v.2023.1 (win64) Build 3865809 Sun May  7 15:05:29 MDT 2023
| Date         : Sat Sep 23 00:40:26 2023
| Host         : Andew-Desktop running 64-bit major release  (build 9200)
| Command      : report_methodology -file plusMinusMulDiv_methodology_drc_routed.rpt -pb plusMinusMulDiv_methodology_drc_routed.pb -rpx plusMinusMulDiv_methodology_drc_routed.rpx
| Design       : plusMinusMulDiv
| Device       : xc7a35tcpg236-1
| Speed File   : -1
| Design State : Fully Routed
-----------------------------------------------------------------------------------------------------------------------------------------------------------------------------------

Report Methodology

Table of Contents
-----------------
1. REPORT SUMMARY
2. REPORT DETAILS

1. REPORT SUMMARY
-----------------
            Netlist: netlist
          Floorplan: design_1
      Design limits: <entire design considered>
             Max violations: <unlimited>
             Violations found: 23
+-----------+----------+-------------------------------+------------+
| Rule      | Severity | Description                   | Violations |
+-----------+----------+-------------------------------+------------+
| TIMING-18 | Warning  | Missing input or output delay | 23         |
+-----------+----------+-------------------------------+------------+

2. REPORT DETAILS
-----------------
TIMING-18#1 Warning
Missing input or output delay  
An input delay is missing on BTND relative to the rising and/or falling clock edge(s) of myClock.
Related violations: <none>

TIMING-18#2 Warning
Missing input or output delay  
An input delay is missing on BTNL relative to the rising and/or falling clock edge(s) of myClock.
Related violations: <none>

TIMING-18#3 Warning
Missing input or output delay  
An input delay is missing on BTNR relative to the rising and/or falling clock edge(s) of myClock.
Related violations: <none>

TIMING-18#4 Warning
Missing input or output delay  
An input delay is missing on BTNU relative to the rising and/or falling clock edge(s) of myClock.
Related violations: <none>

TIMING-18#5 Warning
Missing input or output delay  
An input delay is missing on sw[0] relative to the rising and/or falling clock edge(s) of myClock.
Related violations: <none>

TIMING-18#6 Warning
Missing input or output delay  
An input delay is missing on sw[1] relative to the rising and/or falling clock edge(s) of myClock.
Related violations: <none>

TIMING-18#7 Warning
Missing input or output delay  
An input delay is missing on sw[2] relative to the rising and/or falling clock edge(s) of myClock.
Related violations: <none>

TIMING-18#8 Warning
Missing input or output delay  
An input delay is missing on sw[3] relative to the rising and/or falling clock edge(s) of myClock.
Related violations: <none>

TIMING-18#9 Warning
Missing input or output delay  
An input delay is missing on sw[4] relative to the rising and/or falling clock edge(s) of myClock.
Related violations: <none>

TIMING-18#10 Warning
Missing input or output delay  
An input delay is missing on sw[5] relative to the rising and/or falling clock edge(s) of myClock.
Related violations: <none>

TIMING-18#11 Warning
Missing input or output delay  
An input delay is missing on sw[6] relative to the rising and/or falling clock edge(s) of myClock.
Related violations: <none>

TIMING-18#12 Warning
Missing input or output delay  
An input delay is missing on sw[7] relative to the rising and/or falling clock edge(s) of myClock.
Related violations: <none>

TIMING-18#13 Warning
Missing input or output delay  
An output delay is missing on anode[0] relative to the rising and/or falling clock edge(s) of myClock.
Related violations: <none>

TIMING-18#14 Warning
Missing input or output delay  
An output delay is missing on anode[1] relative to the rising and/or falling clock edge(s) of myClock.
Related violations: <none>

TIMING-18#15 Warning
Missing input or output delay  
An output delay is missing on anode[2] relative to the rising and/or falling clock edge(s) of myClock.
Related violations: <none>

TIMING-18#16 Warning
Missing input or output delay  
An output delay is missing on anode[3] relative to the rising and/or falling clock edge(s) of myClock.
Related violations: <none>

TIMING-18#17 Warning
Missing input or output delay  
An output delay is missing on seg7[0] relative to the rising and/or falling clock edge(s) of myClock.
Related violations: <none>

TIMING-18#18 Warning
Missing input or output delay  
An output delay is missing on seg7[1] relative to the rising and/or falling clock edge(s) of myClock.
Related violations: <none>

TIMING-18#19 Warning
Missing input or output delay  
An output delay is missing on seg7[2] relative to the rising and/or falling clock edge(s) of myClock.
Related violations: <none>

TIMING-18#20 Warning
Missing input or output delay  
An output delay is missing on seg7[3] relative to the rising and/or falling clock edge(s) of myClock.
Related violations: <none>

TIMING-18#21 Warning
Missing input or output delay  
An output delay is missing on seg7[4] relative to the rising and/or falling clock edge(s) of myClock.
Related violations: <none>

TIMING-18#22 Warning
Missing input or output delay  
An output delay is missing on seg7[5] relative to the rising and/or falling clock edge(s) of myClock.
Related violations: <none>

TIMING-18#23 Warning
Missing input or output delay  
An output delay is missing on seg7[6] relative to the rising and/or falling clock edge(s) of myClock.
Related violations: <none>


