Copyright 1986-2022 Xilinx, Inc. All Rights Reserved. Copyright 2022-2023 Advanced Micro Devices, Inc. All Rights Reserved.
---------------------------------------------------------------------------------------------------------------------------------------------
| Tool Version : Vivado v.2023.1 (win64) Build 3865809 Sun May  7 15:05:29 MDT 2023
| Date         : Sun Oct  8 22:29:17 2023
| Host         : Andew-Desktop running 64-bit major release  (build 9200)
| Command      : report_control_sets -verbose -file HexToSeven_control_sets_placed.rpt
| Design       : HexToSeven
| Device       : xc7a35t
---------------------------------------------------------------------------------------------------------------------------------------------

Control Set Information

Table of Contents
-----------------
1. Summary
2. Histogram
3. Flip-Flop Distribution
4. Detailed Control Set Information

1. Summary
----------

+----------------------------------------------------------+-------+
|                          Status                          | Count |
+----------------------------------------------------------+-------+
| Total control sets                                       |     6 |
|    Minimum number of control sets                        |     6 |
|    Addition due to synthesis replication                 |     0 |
|    Addition due to physical synthesis replication        |     0 |
| Unused register locations in slices containing registers |    27 |
+----------------------------------------------------------+-------+
* Control sets can be merged at opt_design using control_set_merge or merge_equivalent_drivers
** Run report_qor_suggestions for automated merging and remapping suggestions


2. Histogram
------------

+--------------------+-------+
|       Fanout       | Count |
+--------------------+-------+
| Total control sets |     6 |
| >= 0 to < 4        |     0 |
| >= 4 to < 6        |     4 |
| >= 6 to < 8        |     0 |
| >= 8 to < 10       |     0 |
| >= 10 to < 12      |     1 |
| >= 12 to < 14      |     0 |
| >= 14 to < 16      |     0 |
| >= 16              |     1 |
+--------------------+-------+
* Control sets can be remapped at either synth_design or opt_design


3. Flip-Flop Distribution
-------------------------

+--------------+-----------------------+------------------------+-----------------+--------------+
| Clock Enable | Synchronous Set/Reset | Asynchronous Set/Reset | Total Registers | Total Slices |
+--------------+-----------------------+------------------------+-----------------+--------------+
| No           | No                    | No                     |              53 |           14 |
| No           | No                    | Yes                    |               0 |            0 |
| No           | Yes                   | No                     |               0 |            0 |
| Yes          | No                    | No                     |              16 |            4 |
| Yes          | No                    | Yes                    |               0 |            0 |
| Yes          | Yes                   | No                     |               0 |            0 |
+--------------+-----------------------+------------------------+-----------------+--------------+


4. Detailed Control Set Information
-----------------------------------

+------------------+---------------+------------------+------------------+----------------+--------------+
|   Clock Signal   | Enable Signal | Set/Reset Signal | Slice Load Count | Bel Load Count | Bels / Slice |
+------------------+---------------+------------------+------------------+----------------+--------------+
|  clock_IBUF_BUFG | cou2          |                  |                1 |              4 |         4.00 |
|  clock_IBUF_BUFG | cou3          |                  |                1 |              4 |         4.00 |
|  clock_IBUF_BUFG | cou1          |                  |                1 |              4 |         4.00 |
|  clock_IBUF_BUFG | cou0          |                  |                1 |              4 |         4.00 |
|  c/CLK           |               |                  |                3 |             10 |         3.33 |
|  clock_IBUF_BUFG |               |                  |               11 |             43 |         3.91 |
+------------------+---------------+------------------+------------------+----------------+--------------+


