Copyright 1986-2022 Xilinx, Inc. All Rights Reserved. Copyright 2022-2023 Advanced Micro Devices, Inc. All Rights Reserved.
--------------------------------------------------------------------------------------------------------------------------------------------------
| Tool Version : Vivado v.2023.1 (win64) Build 3865809 Sun May  7 15:05:29 MDT 2023
| Date         : Tue Oct 10 12:35:23 2023
| Host         : DESKTOP-7O22A40 running 64-bit major release  (build 9200)
| Command      : report_methodology -file Main_methodology_drc_routed.rpt -pb Main_methodology_drc_routed.pb -rpx Main_methodology_drc_routed.rpx
| Design       : Main
| Device       : xc7a35tcpg236-1
| Speed File   : -1
| Design State : Fully Routed
--------------------------------------------------------------------------------------------------------------------------------------------------

Report Methodology

Table of Contents
-----------------
1. REPORT SUMMARY
2. REPORT DETAILS

1. REPORT SUMMARY
-----------------
            Netlist: netlist
          Floorplan: design_1
      Design limits: <entire design considered>
             Max violations: <unlimited>
             Violations found: 12
+-----------+----------+-------------------------------+------------+
| Rule      | Severity | Description                   | Violations |
+-----------+----------+-------------------------------+------------+
| TIMING-18 | Warning  | Missing input or output delay | 12         |
+-----------+----------+-------------------------------+------------+

2. REPORT DETAILS
-----------------
TIMING-18#1 Warning
Missing input or output delay  
An output delay is missing on anode[0] relative to the rising and/or falling clock edge(s) of mvClock.
Related violations: <none>

TIMING-18#2 Warning
Missing input or output delay  
An output delay is missing on anode[1] relative to the rising and/or falling clock edge(s) of mvClock.
Related violations: <none>

TIMING-18#3 Warning
Missing input or output delay  
An output delay is missing on anode[2] relative to the rising and/or falling clock edge(s) of mvClock.
Related violations: <none>

TIMING-18#4 Warning
Missing input or output delay  
An output delay is missing on anode[3] relative to the rising and/or falling clock edge(s) of mvClock.
Related violations: <none>

TIMING-18#5 Warning
Missing input or output delay  
An output delay is missing on dot relative to the rising and/or falling clock edge(s) of mvClock.
Related violations: <none>

TIMING-18#6 Warning
Missing input or output delay  
An output delay is missing on out[0] relative to the rising and/or falling clock edge(s) of mvClock.
Related violations: <none>

TIMING-18#7 Warning
Missing input or output delay  
An output delay is missing on out[1] relative to the rising and/or falling clock edge(s) of mvClock.
Related violations: <none>

TIMING-18#8 Warning
Missing input or output delay  
An output delay is missing on out[2] relative to the rising and/or falling clock edge(s) of mvClock.
Related violations: <none>

TIMING-18#9 Warning
Missing input or output delay  
An output delay is missing on out[3] relative to the rising and/or falling clock edge(s) of mvClock.
Related violations: <none>

TIMING-18#10 Warning
Missing input or output delay  
An output delay is missing on out[4] relative to the rising and/or falling clock edge(s) of mvClock.
Related violations: <none>

TIMING-18#11 Warning
Missing input or output delay  
An output delay is missing on out[5] relative to the rising and/or falling clock edge(s) of mvClock.
Related violations: <none>

TIMING-18#12 Warning
Missing input or output delay  
An output delay is missing on out[6] relative to the rising and/or falling clock edge(s) of mvClock.
Related violations: <none>


