Copyright 1986-2022 Xilinx, Inc. All Rights Reserved. Copyright 2022-2023 Advanced Micro Devices, Inc. All Rights Reserved.
---------------------------------------------------------------------------------------------------------------------------------------------
| Tool Version : Vivado v.2023.1 (win64) Build 3865809 Sun May  7 15:05:29 MDT 2023
| Date         : Thu Oct 26 23:08:20 2023
| Host         : Andew-Desktop running 64-bit major release  (build 9200)
| Command      : report_control_sets -verbose -file uart_control_sets_placed.rpt
| Design       : uart
| Device       : xc7a35t
---------------------------------------------------------------------------------------------------------------------------------------------

Control Set Information

Table of Contents
-----------------
1. Summary
2. Histogram
3. Flip-Flop Distribution
4. Detailed Control Set Information

1. Summary
----------

+----------------------------------------------------------+-------+
|                          Status                          | Count |
+----------------------------------------------------------+-------+
| Total control sets                                       |    16 |
|    Minimum number of control sets                        |    16 |
|    Addition due to synthesis replication                 |     0 |
|    Addition due to physical synthesis replication        |     0 |
| Unused register locations in slices containing registers |    75 |
+----------------------------------------------------------+-------+
* Control sets can be merged at opt_design using control_set_merge or merge_equivalent_drivers
** Run report_qor_suggestions for automated merging and remapping suggestions


2. Histogram
------------

+--------------------+-------+
|       Fanout       | Count |
+--------------------+-------+
| Total control sets |    16 |
| >= 0 to < 4        |    10 |
| >= 4 to < 6        |     1 |
| >= 6 to < 8        |     0 |
| >= 8 to < 10       |     4 |
| >= 10 to < 12      |     0 |
| >= 12 to < 14      |     0 |
| >= 14 to < 16      |     0 |
| >= 16              |     1 |
+--------------------+-------+
* Control sets can be remapped at either synth_design or opt_design


3. Flip-Flop Distribution
-------------------------

+--------------+-----------------------+------------------------+-----------------+--------------+
| Clock Enable | Synchronous Set/Reset | Asynchronous Set/Reset | Total Registers | Total Slices |
+--------------+-----------------------+------------------------+-----------------+--------------+
| No           | No                    | No                     |               6 |            3 |
| No           | No                    | Yes                    |               0 |            0 |
| No           | Yes                   | No                     |              46 |           14 |
| Yes          | No                    | No                     |              24 |           11 |
| Yes          | No                    | Yes                    |               0 |            0 |
| Yes          | Yes                   | No                     |               1 |            1 |
+--------------+-----------------------+------------------------+-----------------+--------------+


4. Detailed Control Set Information
-----------------------------------

+----------------+-----------------------------+--------------------------------+------------------+----------------+--------------+
|  Clock Signal  |        Enable Signal        |        Set/Reset Signal        | Slice Load Count | Bel Load Count | Bels / Slice |
+----------------+-----------------------------+--------------------------------+------------------+----------------+--------------+
|  clk_IBUF_BUFG |                             |                                |                1 |              1 |         1.00 |
|  dataOut_BUFG  | receiver/dataOut[4]_i_1_n_0 |                                |                1 |              1 |         1.00 |
|  dataOut_BUFG  | receiver/dataOut[6]_i_1_n_0 |                                |                1 |              1 |         1.00 |
|  dataOut_BUFG  | receiver/dataOut[5]_i_1_n_0 |                                |                1 |              1 |         1.00 |
|  dataOut_BUFG  | receiver/dataOut[1]_i_1_n_0 |                                |                1 |              1 |         1.00 |
|  dataOut_BUFG  | receiver/dataOut[3]_i_1_n_0 |                                |                1 |              1 |         1.00 |
|  dataOut_BUFG  | receiver/dataOut[2]_i_1_n_0 |                                |                1 |              1 |         1.00 |
|  dataOut_BUFG  | receiver/dataOut[7]_i_1_n_0 |                                |                1 |              1 |         1.00 |
|  dataOut_BUFG  | receiver/dataOut[0]_i_1_n_0 |                                |                1 |              1 |         1.00 |
|  dataOut_BUFG  | transmitter/dataOut_i_1_n_0 | transmitter/counter2           |                1 |              1 |         1.00 |
|  dataOut_BUFG  |                             |                                |                2 |              5 |         2.50 |
|  dataOut_BUFG  |                             | receiver/counter[7]_i_1__0_n_0 |                2 |              8 |         4.00 |
|  dataOut_BUFG  |                             | transmitter/counter2           |                3 |              8 |         2.67 |
|  dataOut_BUFG  | receiver/E[0]               |                                |                2 |              8 |         4.00 |
|  dataOut_BUFG  | transmitter/counter1        |                                |                1 |              8 |         8.00 |
|  clk_IBUF_BUFG |                             | sampler/dataOut_0              |                9 |             30 |         3.33 |
+----------------+-----------------------------+--------------------------------+------------------+----------------+--------------+


